<?xml version="1.0" encoding="UTF-8"?>
<!-- Generated by org.testng.reporters.JUnitXMLReporter -->
<testsuite ignored="0" hostname="AMX-RL-20-608-W" failures="0" tests="6" name="Default test" time="218.226" errors="0" timestamp="2022-05-15T23:27:44 IST">
  <testcase classname="icivics_testcases.Icivics_EducatorRegistration5_Test" name="C372_verifybreadcrumbspage5" time="29.386"/>
  <testcase classname="icivics_testcases.Icivics_EducatorRegistration5_Test" name="C373_verifywelcomemessage" time="28.514"/>
  <testcase classname="icivics_testcases.Icivics_EducatorRegistration5_Test" name="C374_verifyconfirmationemail" time="29.443"/>
  <testcase classname="icivics_testcases.Icivics_EducatorRegistration5_Test" name="C375_verifyconfirmationemail" time="27.904"/>
  <testcase classname="icivics_testcases.Icivics_EducatorRegistration5_Test" name="C376_verifyresendbutton" time="33.803"/>
  <testcase classname="icivics_testcases.Icivics_EducatorRegistration5_Test" name="C377_verifynotification" time="33.624"/>
</testsuite> <!-- Default test -->
