<?xml version="1.0" encoding="UTF-8"?>
<testng-results ignored="0" total="1" passed="1" failed="0" skipped="0">
  <reporter-output>
  </reporter-output>
  <suite started-at="2022-05-07T23:20:18 IST" name="Default suite" finished-at="2022-05-07T23:20:29 IST" duration-ms="11391">
    <groups>
      <group name="cucumber">
        <method signature="AbstractTestNGCucumberTests.runScenario(cucumber.api.testng.PickleEventWrapper,cucumber.api.testng.CucumberFeatureWrapper)[pri:0, instance:icivics_testcases.Icivics_EducatorRegistration1_Test@4b741d6d]" name="runScenario" class="cucumber.api.testng.AbstractTestNGCucumberTests"/>
      </group> <!-- cucumber -->
    </groups>
    <test started-at="2022-05-07T23:20:18 IST" name="Default test" finished-at="2022-05-07T23:20:29 IST" duration-ms="11391">
      <class name="icivics_testcases.Icivics_EducatorRegistration1_Test">
        <test-method is-config="true" signature="startReport()[pri:0, instance:icivics_testcases.Icivics_EducatorRegistration1_Test@4b741d6d]" started-at="2022-05-07T23:20:17 IST" name="startReport" finished-at="2022-05-07T23:20:18 IST" duration-ms="810" status="PASS">
          <reporter-output>
          </reporter-output>
        </test-method> <!-- startReport -->
        <test-method is-config="true" signature="setValues()[pri:0, instance:icivics_testcases.Icivics_EducatorRegistration1_Test@4b741d6d]" started-at="2022-05-07T23:20:18 IST" name="setValues" finished-at="2022-05-07T23:20:18 IST" duration-ms="0" status="PASS">
          <reporter-output>
          </reporter-output>
        </test-method> <!-- setValues -->
        <test-method is-config="true" signature="setUpClass()[pri:0, instance:icivics_testcases.Icivics_EducatorRegistration1_Test@4b741d6d]" started-at="2022-05-07T23:20:18 IST" name="setUpClass" finished-at="2022-05-07T23:20:18 IST" duration-ms="129" status="PASS">
          <reporter-output>
          </reporter-output>
        </test-method> <!-- setUpClass -->
        <test-method is-config="true" signature="report()[pri:0, instance:icivics_testcases.Icivics_EducatorRegistration1_Test@4b741d6d]" started-at="2022-05-07T23:20:18 IST" name="report" finished-at="2022-05-07T23:20:18 IST" duration-ms="3" status="PASS">
          <reporter-output>
          </reporter-output>
        </test-method> <!-- report -->
        <test-method is-config="true" signature="beforeMethod()[pri:0, instance:icivics_testcases.Icivics_EducatorRegistration1_Test@4b741d6d]" started-at="2022-05-07T23:20:19 IST" name="beforeMethod" finished-at="2022-05-07T23:20:21 IST" duration-ms="2115" status="PASS">
          <reporter-output>
          </reporter-output>
        </test-method> <!-- beforeMethod -->
        <test-method signature="educatorregistration1(java.lang.String)[pri:0, instance:icivics_testcases.Icivics_EducatorRegistration1_Test@4b741d6d]" started-at="2022-05-07T23:20:21 IST" name="educatorregistration1" data-provider="fetchData" finished-at="2022-05-07T23:20:25 IST" duration-ms="4084" status="PASS">
          <params>
            <param index="0">
              <value>
                <![CDATA[https://staging.d9.icivics.org/user/register?role=teacher]]>
              </value>
            </param>
          </params>
          <reporter-output>
          </reporter-output>
        </test-method> <!-- educatorregistration1 -->
        <test-method is-config="true" signature="afterMethod()[pri:0, instance:icivics_testcases.Icivics_EducatorRegistration1_Test@4b741d6d]" started-at="2022-05-07T23:20:25 IST" name="afterMethod" finished-at="2022-05-07T23:20:29 IST" duration-ms="4211" status="PASS">
          <reporter-output>
          </reporter-output>
        </test-method> <!-- afterMethod -->
        <test-method is-config="true" signature="tearDownClass()[pri:0, instance:icivics_testcases.Icivics_EducatorRegistration1_Test@4b741d6d]" started-at="2022-05-07T23:20:29 IST" name="tearDownClass" finished-at="2022-05-07T23:20:29 IST" duration-ms="6" status="PASS">
          <reporter-output>
          </reporter-output>
        </test-method> <!-- tearDownClass -->
        <test-method is-config="true" signature="stopReport()[pri:0, instance:icivics_testcases.Icivics_EducatorRegistration1_Test@4b741d6d]" started-at="2022-05-07T23:20:30 IST" name="stopReport" finished-at="2022-05-07T23:20:30 IST" duration-ms="555" status="PASS">
          <reporter-output>
          </reporter-output>
        </test-method> <!-- stopReport -->
      </class> <!-- icivics_testcases.Icivics_EducatorRegistration1_Test -->
    </test> <!-- Default test -->
  </suite> <!-- Default suite -->
</testng-results>
